<?xml version="1.0" encoding="UTF-8"?>
<!-- Generated by org.testng.reporters.JUnitReportReporter -->
<testsuite hostname="DESKTOP-CANTE29" failures="0" tests="2" name="test_cases.PerformanceTest" time="11.646" errors="0" timestamp="2022-03-08T10:22:35 EST" skipped="0">
  <testcase classname="test_cases.PerformanceTest" name="partnersPage" time="6.615"/>
  <system-out>
    <![CDATA[Navigate to https://emrit.io/partners/ page<br>
Page load time : 0.626 seconds<br>
------------------------ LOG ERROR STARTED ------------------------<br>
javascript 0:12 Uncaught TypeError: Cannot read properties of undefined (reading 'push')<br>
javascript 0:12 Uncaught TypeError: Cannot read properties of undefined (reading 'push')<br>
javascript 0:12 Uncaught TypeError: Cannot read properties of undefined (reading 'push')<br>
------------------------ LOG ERROR ENDED ------------------------<br>]]>
  </system-out>
  <testcase classname="test_cases.PerformanceTest" name="aboutUsPage" time="5.031"/>
  <system-out>
    <![CDATA[Navigate to https://emrit.io/about/ page<br>
Page load time : 0.558 seconds<br>
------------------------ LOG ERROR STARTED ------------------------<br>
javascript 0:12 Uncaught TypeError: Cannot read properties of undefined (reading 'push')<br>
javascript 0:12 Uncaught TypeError: Cannot read properties of undefined (reading 'push')<br>
javascript 0:12 Uncaught TypeError: Cannot read properties of undefined (reading 'push')<br>
------------------------ LOG ERROR ENDED ------------------------<br>]]>
  </system-out>
</testsuite> <!-- test_cases.PerformanceTest -->
