<?xml version="1.0" encoding="UTF-8"?>
<!-- Generated by org.testng.reporters.JUnitReportReporter -->
<testsuite hostname="DESKTOP-CANTE29" failures="1" tests="4" name="test_cases.SmokeTest" time="54.166" errors="0" timestamp="2022-03-08T10:22:35 EST" skipped="0">
  <testcase classname="test_cases.SmokeTest" name="signup" time="12.892"/>
  <system-out>
    <![CDATA[Click on Hamburger menu<br>
Click on 'Sign Up' link<br>
Email email address : test_jay.kuhic@mailinator.com<br>
Email First Name : Test_Mauricio<br>
Email Last Name : Test_Bosco<br>
Email Phone Number : 1-727-252-5237<br>
Select Country : United States of America<br>
Enter Address and select<br>
Confirm Age<br>
Confirm Terms and Conditions<br>
Click on 'SIGN UP' button<br>
Verify Sign Up verification screen display<br>]]>
  </system-out>
  <testcase classname="test_cases.SmokeTest" name="login" time="6.903"/>
  <system-out>
    <![CDATA[Click on 'LOGIN' link<br>
Click on 'LOGIN' button<br>
Verify validation message for the blank email and password<br>
Enter email address :testuser@mailinator.com<br>
Click on 'LOGIN' button<br>
Verify validation message for the blank password<br>
Enter invalid Password<br>
Click on 'LOGIN' button<br>
Verify validation message for the invalid credentials<br>
Enter valid Password<br>
Click on 'LOGIN' button<br>]]>
  </system-out>
  <testcase classname="test_cases.SmokeTest" name="contactUs" time="9.315">
    <failure message="expected [false] but found [true]" type="java.lang.AssertionError">
      <![CDATA[java.lang.AssertionError: expected [false] but found [true]
at org.testng.Assert.fail(Assert.java:110)
at org.testng.Assert.failNotEquals(Assert.java:1413)
at org.testng.Assert.assertFalse(Assert.java:78)
at org.testng.Assert.assertFalse(Assert.java:88)
at test_cases.SmokeTest.contactUs(SmokeTest.java:141)
at java.base/jdk.internal.reflect.NativeMethodAccessorImpl.invoke0(Native Method)
at java.base/jdk.internal.reflect.NativeMethodAccessorImpl.invoke(NativeMethodAccessorImpl.java:64)
at java.base/jdk.internal.reflect.DelegatingMethodAccessorImpl.invoke(DelegatingMethodAccessorImpl.java:43)
at java.base/java.lang.reflect.Method.invoke(Method.java:564)
at org.testng.internal.invokers.MethodInvocationHelper.invokeMethod(MethodInvocationHelper.java:135)
at org.testng.internal.invokers.TestInvoker.invokeMethod(TestInvoker.java:673)
at org.testng.internal.invokers.TestInvoker.invokeTestMethod(TestInvoker.java:220)
at org.testng.internal.invokers.MethodRunner.runInSequence(MethodRunner.java:50)
at org.testng.internal.invokers.TestInvoker$MethodInvocationAgent.invoke(TestInvoker.java:945)
at org.testng.internal.invokers.TestInvoker.invokeTestMethods(TestInvoker.java:193)
at org.testng.internal.invokers.TestMethodWorker.invokeTestMethods(TestMethodWorker.java:146)
at org.testng.internal.invokers.TestMethodWorker.run(TestMethodWorker.java:128)
at java.base/java.util.ArrayList.forEach(ArrayList.java:1511)
at org.testng.TestRunner.privateRun(TestRunner.java:808)
at org.testng.TestRunner.run(TestRunner.java:603)
at org.testng.SuiteRunner.runTest(SuiteRunner.java:429)
at org.testng.SuiteRunner.runSequentially(SuiteRunner.java:423)
at org.testng.SuiteRunner.privateRun(SuiteRunner.java:383)
at org.testng.SuiteRunner.run(SuiteRunner.java:326)
at org.testng.SuiteRunnerWorker.runSuite(SuiteRunnerWorker.java:52)
at org.testng.SuiteRunnerWorker.run(SuiteRunnerWorker.java:95)
at org.testng.TestNG.runSuitesSequentially(TestNG.java:1249)
at org.testng.TestNG.runSuitesLocally(TestNG.java:1169)
at org.testng.TestNG.runSuites(TestNG.java:1092)
at org.testng.TestNG.run(TestNG.java:1060)
at org.testng.remote.AbstractRemoteTestNG.run(AbstractRemoteTestNG.java:115)
at org.testng.remote.RemoteTestNG.initAndRun(RemoteTestNG.java:251)
at org.testng.remote.RemoteTestNG.main(RemoteTestNG.java:77)
]]>
    </failure>
  </testcase> <!-- contactUs -->
  <system-out>
    <![CDATA[Click on 'BECOME AN ENTERPRISE PARTNER' button<br>
Click on 'BECOME AN ENTERPRISE PARTNER' button<br>
Enter First Name : Test_Connie<br>
Enter Last Name : Test_Littel<br>
Enter Email : test_clifton.bashirian@mailinator.com<br>
Enter Company : Test_Wyman-VonRueden<br>
Select Country : United States*<br>
Click on 'CONTACT US' button<br>
Verify Contact Us form submitted successfully<br>]]>
  </system-out>
  <testcase classname="test_cases.SmokeTest" name="pageLinks" time="25.056"/>
  <system-out>
    <![CDATA[Click on 'EMRIT FOR BUSINESS' link.<br>
Verify 'EMRIT FOR BUSINESS' link redirection working properly<br>
Click on 'ABOUT US' link.<br>
Verify 'ABOUT US' link redirection working properly<br>
Click on 'SUPPORT' link.<br>
Verify 'SUPPORT' link redirection working properly<br>
Click on 'LOGIN' link.<br>
Verify 'LOGIN' link redirection working properly<br>
Click on Hamburger menu<br>
Click on 'SIGN UP' link<br>
Verify 'SIGN UP' link redirection working properly<br>
Click on Hamburger menu<br>
Click on 'BLOG' link<br>
Verify 'BLOG' link redirection working properly<br>
Click on Hamburger menu<br>
Click on 'FAQ' link.<br>
Verify 'FAQ' link redirection working properly<br>
Click on 'Terms & Conditions' link.<br>
Verify 'Terms & Conditions' link redirection working properly<br>
Click on 'Privacy Policy' link.<br>
Verify 'Privacy Policy' link redirection working properly<br>]]>
  </system-out>
</testsuite> <!-- test_cases.SmokeTest -->
